

> next@15.2.0-canary.3 build /Users/hamid/web/test/next.js/packages/next
> pnpm release


> next@15.2.0-canary.3 release /Users/hamid/web/test/next.js/packages/next
> taskr release

[35m[00:29:29][39m[0m Running with [4m[36m/Users/hamid/web/test/next.js/packages/next/taskfile.js[39m[0m
[35m[00:29:29][39m[0m Starting [1m[33mrelease[39m[0m
[35m[00:29:29][39m[0m Starting [1m[33mbuild[39m[0m
[35m[00:29:29][39m[0m Starting [1m[33mprecompile[39m[0m
[35m[00:29:29][39m[0m Starting [1m[33mbrowser_polyfills[39m[0m
[35m[00:29:29][39m[0m Starting [1m[33mnext__polyfill_nomodule[39m[0m
[35m[00:29:29][39m[0m Starting [1m[33mnext__polyfill_module[39m[0m
[35m[00:29:29][39m[0m Starting [1m[33mcopy_ncced[39m[0m
[35m[00:29:29][39m[0m Starting [1m[33mcopy_styled_jsx_assets[39m[0m
[35m[00:29:30][39m[0m Finished [34m[1mnext__polyfill_module[22m[0m in [32m152ms[39m[0m
[35m[00:29:30][39m[0m Finished [34m[1mnext__polyfill_nomodule[22m[0m in [32m198ms[39m[0m
[35m[00:29:30][39m[0m Finished [34m[1mbrowser_polyfills[22m[0m in [32m198ms[39m[0m
[35m[00:29:30][39m[0m Finished [34m[1mcopy_ncced[22m[0m in [32m310ms[39m[0m
[35m[00:29:30][39m[0m Finished [34m[1mcopy_styled_jsx_assets[22m[0m in [32m311ms[39m[0m
[35m[00:29:30][39m[0m Finished [34m[1mprecompile[22m[0m in [32m681ms[39m[0m
[35m[00:29:30][39m[0m Starting [1m[33mcompile[39m[0m
[35m[00:29:30][39m[0m Starting [1m[33mnext_compile[39m[0m
[35m[00:29:30][39m[0m Starting [1m[33mcli[39m[0m
[35m[00:29:30][39m[0m Starting [1m[33mbin[39m[0m
[35m[00:29:30][39m[0m Starting [1m[33mserver[39m[0m
[35m[00:29:30][39m[0m Starting [1m[33mserver_esm[39m[0m
[35m[00:29:30][39m[0m Starting [1m[33mapi_esm[39m[0m
[35m[00:29:30][39m[0m Starting [1m[33mnextbuild[39m[0m
[35m[00:29:30][39m[0m Starting [1m[33mnextbuildjest[39m[0m
[35m[00:29:30][39m[0m Starting [1m[33mnextbuildstatic[39m[0m
[35m[00:29:30][39m[0m Starting [1m[33mnextbuildstatic_esm[39m[0m
[35m[00:29:30][39m[0m Starting [1m[33mnextbuild_esm[39m[0m
[35m[00:29:30][39m[0m Starting [1m[33mpages[39m[0m
[35m[00:29:30][39m[0m Starting [1m[33mpages_app[39m[0m
[35m[00:29:30][39m[0m Starting [1m[33mpages_error[39m[0m
[35m[00:29:30][39m[0m Starting [1m[33mpages_document[39m[0m
[35m[00:29:30][39m[0m Starting [1m[33mpages_esm[39m[0m
[35m[00:29:30][39m[0m Starting [1m[33mpages_app_esm[39m[0m
[35m[00:29:30][39m[0m Starting [1m[33mpages_error_esm[39m[0m
[35m[00:29:30][39m[0m Starting [1m[33mpages_document_esm[39m[0m
[35m[00:29:30][39m[0m Starting [1m[33mlib[39m[0m
[35m[00:29:30][39m[0m Starting [1m[33mlib_esm[39m[0m
[35m[00:29:30][39m[0m Starting [1m[33mclient[39m[0m
[35m[00:29:30][39m[0m Starting [1m[33mclient_esm[39m[0m
[35m[00:29:30][39m[0m Starting [1m[33mdiagnostics[39m[0m
[35m[00:29:30][39m[0m Starting [1m[33mtelemetry[39m[0m
[35m[00:29:30][39m[0m Starting [1m[33mtrace[39m[0m
[35m[00:29:30][39m[0m Starting [1m[33mshared[39m[0m
[35m[00:29:30][39m[0m Starting [1m[33mshared_esm[39m[0m
[35m[00:29:30][39m[0m Starting [1m[33mshared_re_exported[39m[0m
[35m[00:29:30][39m[0m Starting [1m[33mshared_re_exported_esm[39m[0m
[35m[00:29:30][39m[0m Starting [1m[33mserver_wasm[39m[0m
[35m[00:29:30][39m[0m Starting [1m[33mexperimental_testing[39m[0m
[35m[00:29:30][39m[0m Starting [1m[33mexperimental_testmode[39m[0m
[35m[00:29:31][39m[0m [1m[35mWarning:[39m[0m Source did not match any files!
	  Patterns:   ["src/server/**/*.+(wasm)"]
[35m[00:29:31][39m[0m Finished [34m[1mserver_wasm[22m[0m in [32m531ms[39m[0m
[35m[00:29:31][39m[0m Finished [34m[1mpages_error[22m[0m in [32m624ms[39m[0m
[35m[00:29:31][39m[0m Finished [34m[1mpages_document[22m[0m in [32m742ms[39m[0m
[35m[00:29:31][39m[0m Finished [34m[1mbin[22m[0m in [32m745ms[39m[0m
[35m[00:29:31][39m[0m Finished [34m[1mpages_app[22m[0m in [32m742ms[39m[0m
[35m[00:29:31][39m[0m Finished [34m[1mpages[22m[0m in [32m742ms[39m[0m
[35m[00:29:31][39m[0m Finished [34m[1mpages_app_esm[22m[0m in [32m994ms[39m[0m
[35m[00:29:31][39m[0m Finished [34m[1mdiagnostics[22m[0m in [32m994ms[39m[0m
[35m[00:29:31][39m[0m Finished [34m[1mpages_error_esm[22m[0m in [32m1.24s[39m[0m
[35m[00:29:31][39m[0m Finished [34m[1mpages_document_esm[22m[0m in [32m1.24s[39m[0m
[35m[00:29:31][39m[0m Finished [34m[1mpages_esm[22m[0m in [32m1.24s[39m[0m
[35m[00:29:31][39m[0m Finished [34m[1mtelemetry[22m[0m in [32m1.24s[39m[0m
[35m[00:29:32][39m[0m Finished [34m[1mlib[22m[0m in [32m1.57s[39m[0m
[35m[00:29:32][39m[0m Finished [34m[1mcli[22m[0m in [32m1.78s[39m[0m
[35m[00:29:32][39m[0m Finished [34m[1mnextbuildstatic[22m[0m in [32m1.78s[39m[0m
[35m[00:29:32][39m[0m Finished [34m[1mnextbuildstatic_esm[22m[0m in [32m1.78s[39m[0m
[35m[00:29:32][39m[0m Finished [34m[1mlib_esm[22m[0m in [32m1.78s[39m[0m
[35m[00:29:32][39m[0m Finished [34m[1mapi_esm[22m[0m in [32m1.79s[39m[0m
[35m[00:29:32][39m[0m Finished [34m[1mnextbuildjest[22m[0m in [32m1.79s[39m[0m
[35m[00:29:32][39m[0m Finished [34m[1mtrace[22m[0m in [32m1.79s[39m[0m
[35m[00:29:32][39m[0m Finished [34m[1mexperimental_testmode[22m[0m in [32m1.87s[39m[0m
[35m[00:29:32][39m[0m Finished [34m[1mshared_re_exported[22m[0m in [32m2.01s[39m[0m
[35m[00:29:32][39m[0m Finished [34m[1mexperimental_testing[22m[0m in [32m2.08s[39m[0m
[35m[00:29:32][39m[0m Finished [34m[1mshared[22m[0m in [32m2.10s[39m[0m
[35m[00:29:32][39m[0m Finished [34m[1mshared_re_exported_esm[22m[0m in [32m2.17s[39m[0m
[35m[00:29:32][39m[0m Finished [34m[1mshared_esm[22m[0m in [32m2.17s[39m[0m
[35m[00:29:32][39m[0m Finished [34m[1mserver[22m[0m in [32m2.18s[39m[0m
[35m[00:29:33][39m[0m Finished [34m[1mserver_esm[22m[0m in [32m2.54s[39m[0m
[35m[00:29:33][39m[0m Finished [34m[1mnextbuild_esm[22m[0m in [32m2.56s[39m[0m
[35m[00:29:33][39m[0m Finished [34m[1mnextbuild[22m[0m in [32m2.61s[39m[0m
[35m[00:29:33][39m[0m Finished [34m[1mclient[22m[0m in [32m2.67s[39m[0m
[35m[00:29:33][39m[0m Finished [34m[1mclient_esm[22m[0m in [32m2.67s[39m[0m
[35m[00:29:33][39m[0m Finished [34m[1mnext_compile[22m[0m in [32m2.67s[39m[0m
[35m[00:29:33][39m[0m Starting [1m[33mnext_bundle[39m[0m
[35m[00:29:33][39m[0m Starting [1m[33mnext_bundle_app_turbo[39m[0m
[35m[00:29:33][39m[0m Starting [1m[33mnext_bundle_app_prod[39m[0m
[35m[00:29:33][39m[0m Starting [1m[33mnext_bundle_app_dev[39m[0m
[35m[00:29:33][39m[0m Starting [1m[33mnext_bundle_app_turbo_experimental[39m[0m
[35m[00:29:33][39m[0m Starting [1m[33mnext_bundle_app_prod_experimental[39m[0m
[35m[00:29:33][39m[0m Starting [1m[33mnext_bundle_app_dev_experimental[39m[0m
[35m[00:29:33][39m[0m Starting [1m[33mnext_bundle_pages_prod[39m[0m
[35m[00:29:33][39m[0m Starting [1m[33mnext_bundle_pages_dev[39m[0m
[35m[00:29:33][39m[0m Starting [1m[33mnext_bundle_pages_turbo[39m[0m
[35m[00:29:33][39m[0m Starting [1m[33mnext_bundle_server[39m[0m
[35m[00:29:41][39m[0m Finished [34m[1mnext_bundle_app_turbo_experimental[22m[0m in [32m7.66s[39m[0m
[35m[00:29:41][39m[0m Finished [34m[1mnext_bundle_app_turbo[22m[0m in [32m7.89s[39m[0m
[35m[00:29:41][39m[0m Finished [34m[1mnext_bundle_app_prod_experimental[22m[0m in [32m8.00s[39m[0m
[35m[00:29:41][39m[0m Finished [34m[1mnext_bundle_pages_prod[22m[0m in [32m8.39s[39m[0m
[35m[00:29:41][39m[0m [1m[35mtaskfile-webpack[39m[0m warned that [1m[35mwebpack compiled next-bundle-pages-dev with warnings:
WARNING in DefinePlugin
Conflicting values for 'process.env.NODE_ENV'

webpack compiled with 1 warning[39m[0m
[35m[00:29:41][39m[0m Finished [34m[1mnext_bundle_pages_dev[22m[0m in [32m8.40s[39m[0m
[35m[00:29:41][39m[0m Finished [34m[1mnext_bundle_app_prod[22m[0m in [32m8.41s[39m[0m
[35m[00:29:41][39m[0m Finished [34m[1mnext_bundle_pages_turbo[22m[0m in [32m8.41s[39m[0m
[35m[00:29:46][39m[0m [1m[35mtaskfile-webpack[39m[0m warned that [1m[35mwebpack compiled next-bundle-app-dev with warnings:
WARNING in DefinePlugin
Conflicting values for 'process.env.NODE_ENV'

webpack compiled with 1 warning[39m[0m
[35m[00:29:46][39m[0m Finished [34m[1mnext_bundle_app_dev[22m[0m in [32m12.62s[39m[0m
[35m[00:29:46][39m[0m [1m[35mtaskfile-webpack[39m[0m warned that [1m[35mwebpack compiled next-bundle-app-dev-experimental with warnings:
WARNING in DefinePlugin
Conflicting values for 'process.env.NODE_ENV'

webpack compiled with 1 warning[39m[0m
[35m[00:29:46][39m[0m Finished [34m[1mnext_bundle_app_dev_experimental[22m[0m in [32m12.62s[39m[0m
[35m[00:29:49][39m[0m [1m[35mtaskfile-webpack[39m[0m warned that [1m[35mwebpack compiled next-bundle-server with warnings:
WARNING in ./dist/compiled/babel-packages/packages-bundle.js 1:10450-10457
Critical dependency: require function is used in a way in which dependencies cannot be statically extracted

WARNING in ./dist/compiled/babel-packages/packages-bundle.js 8:61803-61813
Critical dependency: the request of a dependency is an expression

WARNING in ./dist/compiled/babel-packages/packages-bundle.js 16:93649-93656
Critical dependency: require function is used in a way in which dependencies cannot be statically extracted

WARNING in ./dist/compiled/babel-packages/packages-bundle.js 17:51247-51295
Module not found: Error: Can't resolve 'regenerate-unicode-properties' in '/Users/hamid/web/test/next.js/packages/next/dist/compiled/babel-packages'

WARNING in ./dist/compiled/babel-packages/packages-bundle.js 381:3077-3084
Critical dependency: require function is used in a way in which dependencies cannot be statically extracted

WARNING in ./dist/compiled/babel-packages/packages-bundle.js 381:3534-3552
Critical dependency: the request of a dependency is an expression

WARNING in ./dist/compiled/babel/bundle.js 1:66135-66142
Critical dependency: require function is used in a way in which dependencies cannot be statically extracted

WARNING in ./dist/compiled/babel/bundle.js 1:104699-104706
Critical dependency: require function is used in a way in which dependencies cannot be statically extracted

WARNING in ./dist/compiled/babel/bundle.js 1:109868-109886
require.extensions is not supported by webpack. Use a loader instead.

WARNING in ./dist/compiled/babel/bundle.js 1:109895-109913
require.extensions is not supported by webpack. Use a loader instead.

WARNING in ./dist/compiled/babel/bundle.js 1:109923-109941
require.extensions is not supported by webpack. Use a loader instead.

WARNING in ./dist/compiled/babel/bundle.js 1:110527-110545
require.extensions is not supported by webpack. Use a loader instead.

WARNING in ./dist/compiled/babel/bundle.js 1:110559-110577
require.extensions is not supported by webpack. Use a loader instead.

WARNING in ./dist/compiled/babel/bundle.js 1:110620-110627
Critical dependency: require function is used in a way in which dependencies cannot be statically extracted

WARNING in ./dist/compiled/babel/bundle.js 1:110691-110709
require.extensions is not supported by webpack. Use a loader instead.

WARNING in ./dist/compiled/babel/bundle.js 1:110724-110742
require.extensions is not supported by webpack. Use a loader instead.

WARNING in ./dist/compiled/babel/bundle.js 1:110820-110827
Critical dependency: require function is used in a way in which dependencies cannot be statically extracted

WARNING in ./dist/compiled/babel/bundle.js 1:115471-115478
Critical dependency: require function is used in a way in which dependencies cannot be statically extracted

WARNING in ./dist/compiled/babel/bundle.js 1:115707-115725
Critical dependency: the request of a dependency is an expression

WARNING in ./dist/esm/server/next-server.js 869:25-61
Critical dependency: the request of a dependency is an expression

webpack compiled with 20 warnings[39m[0m
[35m[00:29:49][39m[0m Finished [34m[1mnext_bundle_server[22m[0m in [32m15.89s[39m[0m
[35m[00:29:49][39m[0m Finished [34m[1mnext_bundle[22m[0m in [32m16.11s[39m[0m
[35m[00:29:49][39m[0m Starting [1m[33mncc_react_refresh_utils[39m[0m
[35m[00:29:49][39m[0m Finished [34m[1mncc_react_refresh_utils[22m[0m in [32m19ms[39m[0m
[35m[00:29:49][39m[0m Starting [1m[33mncc_next_font[39m[0m
[35m[00:29:49][39m[0m Finished [34m[1mncc_next_font[22m[0m in [32m32ms[39m[0m
[35m[00:29:49][39m[0m Starting [1m[33mcapsize_metrics[39m[0m
[35m[00:29:49][39m[0m Finished [34m[1mcapsize_metrics[22m[0m in [32m70ms[39m[0m
[35m[00:29:49][39m[0m Finished [34m[1mcompile[22m[0m in [32m18.91s[39m[0m
[35m[00:29:49][39m[0m Starting [1m[33mcheck_error_codes[39m[0m

> nextjs-project@0.0.0 check-error-codes /Users/hamid/web/test/next.js
> node packages/next/check-error-codes.js

[35m[00:29:50][39m[0m Finished [34m[1mcheck_error_codes[22m[0m in [32m550ms[39m[0m
[35m[00:29:50][39m[0m Starting [1m[33mgenerate_types[39m[0m

> next@15.2.0-canary.3 types /Users/hamid/web/test/next.js/packages/next
> tsc --declaration --emitDeclarationOnly --stripInternal --declarationDir dist

[35m[00:30:07][39m[0m Finished [34m[1mgenerate_types[22m[0m in [32m17.45s[39m[0m
[35m[00:30:07][39m[0m Finished [34m[1mbuild[22m[0m in [32m37.59s[39m[0m
[35m[00:30:07][39m[0m Finished [34m[1mrelease[22m[0m in [32m37.59s[39m[0m
